<?xml version="1.0" encoding="UTF-8"?>
<testsuite xmlns:xsi="http://www.w3.org/2001/XMLSchema-instance" xsi:noNamespaceSchemaLocation="https://maven.apache.org/surefire/maven-surefire-plugin/xsd/surefire-test-report.xsd" name="at.campus02.wagenhofer.AnimalTest" time="0.025" tests="3" errors="0" skipped="0" failures="0">
  <properties>
[...]
</properties>
  <testcase name="giveAnimalLoud" classname="at.campus02.wagenhofer.AnimalTest" time="0.011"/>
  <testcase name="getNameAndAge" classname="at.campus02.wagenhofer.AnimalTest" time="0.006"/>
  <testcase name="ageCategory" classname="at.campus02.wagenhofer.AnimalTest" time="0.001"/>
</testsuite>